Determining if the pthread_create exist failed with the following output:
Change Dir: /home/bill/ros_ws/build/CMakeFiles/CMakeTmp

Run Build Command:"/usr/bin/make" "cmTC_c9cfe/fast"
/usr/bin/make -f CMakeFiles/cmTC_c9cfe.dir/build.make CMakeFiles/cmTC_c9cfe.dir/build
make[1]: Entering directory '/home/bill/ros_ws/build/CMakeFiles/CMakeTmp'
Building C object CMakeFiles/cmTC_c9cfe.dir/CheckSymbolExists.c.o
/usr/bin/cc     -o CMakeFiles/cmTC_c9cfe.dir/CheckSymbolExists.c.o   -c /home/bill/ros_ws/build/CMakeFiles/CMakeTmp/CheckSymbolExists.c
Linking C executable cmTC_c9cfe
/usr/bin/cmake -E cmake_link_script CMakeFiles/cmTC_c9cfe.dir/link.txt --verbose=1
/usr/bin/cc       CMakeFiles/cmTC_c9cfe.dir/CheckSymbolExists.c.o  -o cmTC_c9cfe -rdynamic 
CMakeFiles/cmTC_c9cfe.dir/CheckSymbolExists.c.o: In function `main':
CheckSymbolExists.c:(.text+0x16): undefined reference to `pthread_create'
collect2: error: ld returned 1 exit status
CMakeFiles/cmTC_c9cfe.dir/build.make:97: recipe for target 'cmTC_c9cfe' failed
make[1]: *** [cmTC_c9cfe] Error 1
make[1]: Leaving directory '/home/bill/ros_ws/build/CMakeFiles/CMakeTmp'
Makefile:126: recipe for target 'cmTC_c9cfe/fast' failed
make: *** [cmTC_c9cfe/fast] Error 2

File /home/bill/ros_ws/build/CMakeFiles/CMakeTmp/CheckSymbolExists.c:
/* */
#include <pthread.h>

int main(int argc, char** argv)
{
  (void)argv;
#ifndef pthread_create
  return ((int*)(&pthread_create))[argc];
#else
  (void)argc;
  return 0;
#endif
}

Determining if the function pthread_create exists in the pthreads failed with the following output:
Change Dir: /home/bill/ros_ws/build/CMakeFiles/CMakeTmp

Run Build Command:"/usr/bin/make" "cmTC_caef0/fast"
/usr/bin/make -f CMakeFiles/cmTC_caef0.dir/build.make CMakeFiles/cmTC_caef0.dir/build
make[1]: Entering directory '/home/bill/ros_ws/build/CMakeFiles/CMakeTmp'
Building C object CMakeFiles/cmTC_caef0.dir/CheckFunctionExists.c.o
/usr/bin/cc    -DCHECK_FUNCTION_EXISTS=pthread_create   -o CMakeFiles/cmTC_caef0.dir/CheckFunctionExists.c.o   -c /usr/share/cmake-3.5/Modules/CheckFunctionExists.c
Linking C executable cmTC_caef0
/usr/bin/cmake -E cmake_link_script CMakeFiles/cmTC_caef0.dir/link.txt --verbose=1
/usr/bin/cc   -DCHECK_FUNCTION_EXISTS=pthread_create    CMakeFiles/cmTC_caef0.dir/CheckFunctionExists.c.o  -o cmTC_caef0 -rdynamic -lpthreads 
/usr/bin/ld: cannot find -lpthreads
collect2: error: ld returned 1 exit status
CMakeFiles/cmTC_caef0.dir/build.make:97: recipe for target 'cmTC_caef0' failed
make[1]: *** [cmTC_caef0] Error 1
make[1]: Leaving directory '/home/bill/ros_ws/build/CMakeFiles/CMakeTmp'
Makefile:126: recipe for target 'cmTC_caef0/fast' failed
make: *** [cmTC_caef0/fast] Error 2


